  1.cpp
C:\Users\YAN\Desktop\poo an2\exerciti examen 1\1.cpp(367,15): error C2535: 'float Student::getRestanta(void)': member function already defined or declared
  C:\Users\YAN\Desktop\poo an2\exerciti examen 1\1.cpp(285,15):
  see declaration of 'Student::getRestanta'
  
C:\Users\YAN\Desktop\poo an2\exerciti examen 1\1.cpp(372,7): error C2535: 'void Student::setTaxaRestanta(float)': member function already defined or declared
  C:\Users\YAN\Desktop\poo an2\exerciti examen 1\1.cpp(290,7):
  see declaration of 'Student::setTaxaRestanta'
  
C:\Users\YAN\Desktop\poo an2\exerciti examen 1\1.cpp(378,11): error C2535: 'Student &Student::operator +(int)': member function already defined or declared
  C:\Users\YAN\Desktop\poo an2\exerciti examen 1\1.cpp(296,11):
  see declaration of 'Student::operator +'
  
C:\Users\YAN\Desktop\poo an2\exerciti examen 1\1.cpp(432,10): warning C4244: 'return': conversion from 'int' to 'float', possible loss of data
C:\Users\YAN\Desktop\poo an2\exerciti examen 1\1.cpp(458,27): warning C4267: '=': conversion from 'size_t' to 'int', possible loss of data
C:\Users\YAN\Desktop\poo an2\exerciti examen 1\1.cpp(466,29): warning C4267: '=': conversion from 'size_t' to 'int', possible loss of data
C:\Users\YAN\Desktop\poo an2\exerciti examen 1\1.cpp(526,26): warning C4838: conversion from 'int' to 'bool' requires a narrowing conversion
C:\Users\YAN\Desktop\poo an2\exerciti examen 1\1.cpp(526,26): warning C4305: 'initializing': truncation from 'int' to 'bool'
C:\Users\YAN\Desktop\poo an2\exerciti examen 1\1.cpp(526,28): warning C4838: conversion from 'int' to 'bool' requires a narrowing conversion
C:\Users\YAN\Desktop\poo an2\exerciti examen 1\1.cpp(526,28): warning C4305: 'initializing': truncation from 'int' to 'bool'
C:\Users\YAN\Desktop\poo an2\exerciti examen 1\1.cpp(526,30): warning C4838: conversion from 'int' to 'bool' requires a narrowing conversion
C:\Users\YAN\Desktop\poo an2\exerciti examen 1\1.cpp(526,30): warning C4305: 'initializing': truncation from 'int' to 'bool'
C:\Users\YAN\Desktop\poo an2\exerciti examen 1\1.cpp(526,32): warning C4838: conversion from 'int' to 'bool' requires a narrowing conversion
C:\Users\YAN\Desktop\poo an2\exerciti examen 1\1.cpp(526,32): warning C4305: 'initializing': truncation from 'int' to 'bool'
C:\Users\YAN\Desktop\poo an2\exerciti examen 1\1.cpp(526,34): warning C4838: conversion from 'int' to 'bool' requires a narrowing conversion
C:\Users\YAN\Desktop\poo an2\exerciti examen 1\1.cpp(526,34): warning C4305: 'initializing': truncation from 'int' to 'bool'
C:\Users\YAN\Desktop\poo an2\exerciti examen 1\1.cpp(526,36): warning C4838: conversion from 'int' to 'bool' requires a narrowing conversion
C:\Users\YAN\Desktop\poo an2\exerciti examen 1\1.cpp(526,36): warning C4305: 'initializing': truncation from 'int' to 'bool'
C:\Users\YAN\Desktop\poo an2\exerciti examen 1\1.cpp(526,38): warning C4838: conversion from 'int' to 'bool' requires a narrowing conversion
C:\Users\YAN\Desktop\poo an2\exerciti examen 1\1.cpp(526,38): warning C4305: 'initializing': truncation from 'int' to 'bool'
